c:\users\shimron\desktop\school and work\school\game engine development 2\game3015_a2_shimronkhan\a2\a2\x64\debug\vc142.pdb
c:\users\shimron\desktop\school and work\school\game engine development 2\game3015_a2_shimronkhan\a2\a2\x64\debug\vc142.idb
c:\users\shimron\desktop\school and work\school\game engine development 2\game3015_a2_shimronkhan\a2\a2\x64\debug\world.obj
c:\users\shimron\desktop\school and work\school\game engine development 2\game3015_a2_shimronkhan\a2\a2\x64\debug\spritenode.obj
c:\users\shimron\desktop\school and work\school\game engine development 2\game3015_a2_shimronkhan\a2\a2\x64\debug\scenenode.obj
c:\users\shimron\desktop\school and work\school\game engine development 2\game3015_a2_shimronkhan\a2\a2\x64\debug\main.obj
c:\users\shimron\desktop\school and work\school\game engine development 2\game3015_a2_shimronkhan\a2\a2\x64\debug\game.obj
c:\users\shimron\desktop\school and work\school\game engine development 2\game3015_a2_shimronkhan\a2\a2\x64\debug\frameresource.obj
c:\users\shimron\desktop\school and work\school\game engine development 2\game3015_a2_shimronkhan\a2\a2\x64\debug\entity.obj
c:\users\shimron\desktop\school and work\school\game engine development 2\game3015_a2_shimronkhan\a2\a2\x64\debug\aircraft.obj
c:\users\shimron\desktop\school and work\school\game engine development 2\game3015_a2_shimronkhan\a2\a2\x64\debug\mathhelper.obj
c:\users\shimron\desktop\school and work\school\game engine development 2\game3015_a2_shimronkhan\a2\a2\x64\debug\geometrygenerator.obj
c:\users\shimron\desktop\school and work\school\game engine development 2\game3015_a2_shimronkhan\a2\a2\x64\debug\gametimer.obj
c:\users\shimron\desktop\school and work\school\game engine development 2\game3015_a2_shimronkhan\a2\a2\x64\debug\ddstextureloader.obj
c:\users\shimron\desktop\school and work\school\game engine development 2\game3015_a2_shimronkhan\a2\a2\x64\debug\d3dutil.obj
c:\users\shimron\desktop\school and work\school\game engine development 2\game3015_a2_shimronkhan\a2\a2\x64\debug\d3dapp.obj
c:\users\shimron\desktop\school and work\school\game engine development 2\game3015_a2_shimronkhan\a2\a2\x64\debug\camera.obj
c:\users\shimron\desktop\school and work\school\game engine development 2\game3015_a2_shimronkhan\a2\a2\x64\debug\a2.tlog\cl.command.1.tlog
c:\users\shimron\desktop\school and work\school\game engine development 2\game3015_a2_shimronkhan\a2\a2\x64\debug\a2.tlog\cl.read.1.tlog
c:\users\shimron\desktop\school and work\school\game engine development 2\game3015_a2_shimronkhan\a2\a2\x64\debug\a2.tlog\cl.write.1.tlog
